<?xml version="1.0" encoding="UTF-8"?>
<!-- Generated by org.testng.reporters.JUnitReportReporter -->
<testsuite hostname="MOB-PERLZ-LP100" name="DataUT.ReadDataIN" tests="1" failures="0" timestamp="31 Oct 2019 18:26:43 GMT" time="0.626" errors="0">
  <testcase name="exdata" time="0.626" classname="DataUT.ReadDataIN"/>
</testsuite> <!-- DataUT.ReadDataIN -->
