<?xml version="1.0" encoding="UTF-8"?>
<!-- Generated by org.testng.reporters.JUnitReportReporter -->
<testsuite hostname="MOB-PERLZ-LP100" name="DataUT.exdriven" tests="1" failures="0" timestamp="4 Nov 2019 12:05:48 GMT" time="1.762" errors="0">
  <testcase name="newdriven" time="1.762" classname="DataUT.exdriven"/>
</testsuite> <!-- DataUT.exdriven -->
