<?xml version="1.0" encoding="UTF-8"?>
<!-- Generated by org.testng.reporters.JUnitReportReporter -->
<testsuite hostname="MOB-PERLZ-LP100" name="DataUT.DataUtilitiesIt" tests="1" failures="0" timestamp="4 Nov 2019 12:15:53 GMT" time="41.750" errors="0">
  <testcase name="dataUT" time="41.750" classname="DataUT.DataUtilitiesIt"/>
</testsuite> <!-- DataUT.DataUtilitiesIt -->
