<?xml version="1.0" encoding="UTF-8"?>
<!-- Generated by org.testng.reporters.JUnitReportReporter -->
<testsuite hostname="MOB-SKCL-DP108" name="TestNGprac.Newclass" tests="1" failures="0" timestamp="20 Mar 2019 06:46:05 GMT" time="0.011" errors="0">
  <testcase name="testNg" time="0.011" classname="TestNGprac.Newclass"/>
</testsuite> <!-- TestNGprac.Newclass -->
