<?xml version="1.0" encoding="UTF-8"?>
<!-- Generated by org.testng.reporters.JUnitReportReporter -->
<testsuite hostname="MOB-SKCL-DP108" name="TestNGprac.Class3" tests="1" failures="0" timestamp="7 Mar 2019 09:59:06 GMT" time="0.000" errors="0">
  <testcase name="newcar" time="0.000" classname="TestNGprac.Class3"/>
</testsuite> <!-- TestNGprac.Class3 -->
