<?xml version="1.0" encoding="UTF-8"?>
<!-- Generated by org.testng.reporters.JUnitReportReporter -->
<testsuite hostname="MOB-SKCL-DP108" name="TestNGprac.Class4" tests="3" failures="0" timestamp="20 Mar 2019 06:46:05 GMT" time="0.016" errors="0">
  <testcase name="Befortest" time="0.000" classname="TestNGprac.Class4"/>
  <testcase name="afterTest" time="0.000" classname="TestNGprac.Class4"/>
  <testcase name="checkTest" time="0.016" classname="TestNGprac.Class4"/>
</testsuite> <!-- TestNGprac.Class4 -->
