<?xml version="1.0" encoding="UTF-8"?>
<!-- Generated by org.testng.reporters.JUnitReportReporter -->
<testsuite hostname="MOB-SKCL-DP108" name="Testcases.LoginApplication" tests="1" failures="0" timestamp="29 Apr 2019 06:14:30 GMT" time="75.145" errors="0">
  <testcase name="login" time="75.145" classname="Testcases.LoginApplication"/>
</testsuite> <!-- Testcases.LoginApplication -->
