<?xml version="1.0" encoding="UTF-8"?>
<!-- Generated by org.testng.reporters.JUnitReportReporter -->
<testsuite hostname="MOB-PERLZ-LP100" name="Inhabtir.Addtocartcard" tests="1" failures="0" timestamp="29 Oct 2019 16:57:46 GMT" time="88.163" errors="0">
  <testcase name="Criflow1" time="88.163" classname="Inhabtir.Addtocartcard"/>
</testsuite> <!-- Inhabtir.Addtocartcard -->
